[debug] [2025-05-13T09:49:45.976Z] ----------------------------------------------------------------------
[debug] [2025-05-13T09:49:45.978Z] Command:       C:\Program Files\nodejs\node.exe C:\Users\ajith\AppData\Roaming\npm\node_modules\firebase-tools\lib\bin\firebase.js init
[debug] [2025-05-13T09:49:45.979Z] CLI Version:   14.3.1
[debug] [2025-05-13T09:49:45.979Z] Platform:      win32
[debug] [2025-05-13T09:49:45.979Z] Node Version:  v20.11.1
[debug] [2025-05-13T09:49:45.979Z] Time:          Tue May 13 2025 15:19:45 GMT+0530 (India Standard Time)
[debug] [2025-05-13T09:49:45.979Z] ----------------------------------------------------------------------
[debug] 
[debug] [2025-05-13T09:49:46.251Z] > command requires scopes: ["email","openid","https://www.googleapis.com/auth/cloudplatformprojects.readonly","https://www.googleapis.com/auth/firebase","https://www.googleapis.com/auth/cloud-platform"]
[debug] [2025-05-13T09:49:46.251Z] > authorizing via signed-in user (ajithupnp@gmail.com)
[info] 
     ######## #### ########  ######## ########     ###     ######  ########
     ##        ##  ##     ## ##       ##     ##  ##   ##  ##       ##
     ######    ##  ########  ######   ########  #########  ######  ######
     ##        ##  ##    ##  ##       ##     ## ##     ##       ## ##
     ##       #### ##     ## ######## ########  ##     ##  ######  ########

You're about to initialize a Firebase project in this directory:

  D:\Namsthe React\Projects\netflix-app

Before we get started, keep in mind:

  * You are initializing within an existing Firebase project directory

[info] 
=== Project Setup
[info] 
[info] First, let's associate this project directory with a Firebase project.
[info] You can create multiple project aliases by running firebase use --add, 
[info] but for now we'll just set up a default project.
[info] 
[debug] [2025-05-13T09:51:30.348Z] Using project from CLI flag: netflixgpt-93841
[debug] [2025-05-13T09:51:30.351Z] Checked if tokens are valid: true, expires at: 1747149904195
[debug] [2025-05-13T09:51:30.351Z] Checked if tokens are valid: true, expires at: 1747149904195
[debug] [2025-05-13T09:51:30.353Z] >>> [apiv2][query] GET https://firebase.googleapis.com/v1beta1/projects/netflixgpt-93841 [none]
[debug] [2025-05-13T09:51:31.219Z] <<< [apiv2][status] GET https://firebase.googleapis.com/v1beta1/projects/netflixgpt-93841 200
[debug] [2025-05-13T09:51:31.220Z] <<< [apiv2][body] GET https://firebase.googleapis.com/v1beta1/projects/netflixgpt-93841 {"projectId":"netflixgpt-93841","projectNumber":"536157000027","displayName":"NetflixGpt","name":"projects/netflixgpt-93841","resources":{"hostingSite":"netflixgpt-93841"},"state":"ACTIVE","etag":"1_4e4f59c7-fea6-44d4-bc0f-044a438c07bb"}
[info] i  Using project netflixgpt-93841 (NetflixGpt) 
[info] 
=== Hosting Setup
[debug] [2025-05-13T09:51:31.243Z] Checked if tokens are valid: true, expires at: 1747149904195
[debug] [2025-05-13T09:51:31.244Z] Checked if tokens are valid: true, expires at: 1747149904195
[debug] [2025-05-13T09:51:31.245Z] >>> [apiv2][query] GET https://firebase.googleapis.com/v1beta1/projects/netflixgpt-93841 [none]
[debug] [2025-05-13T09:51:32.132Z] <<< [apiv2][status] GET https://firebase.googleapis.com/v1beta1/projects/netflixgpt-93841 200
[debug] [2025-05-13T09:51:32.132Z] <<< [apiv2][body] GET https://firebase.googleapis.com/v1beta1/projects/netflixgpt-93841 {"projectId":"netflixgpt-93841","projectNumber":"536157000027","displayName":"NetflixGpt","name":"projects/netflixgpt-93841","resources":{"hostingSite":"netflixgpt-93841"},"state":"ACTIVE","etag":"1_4e4f59c7-fea6-44d4-bc0f-044a438c07bb"}
[info] 
[info] Your public directory is the folder (relative to your project directory) that
[info] will contain Hosting assets to be uploaded with firebase deploy. If you
[info] have a build process for your assets, use your build's output directory.
[info] 
[debug] [2025-05-13T09:52:40.638Z] ExitPromptError: User force closed the prompt with SIGINT
    at Interface.sigint (C:\Users\ajith\AppData\Roaming\npm\node_modules\firebase-tools\node_modules\@inquirer\core\dist\commonjs\lib\create-prompt.js:100:37)
    at Interface.emit (node:events:518:28)
    at Interface.emit (node:domain:488:12)
    at [_ttyWrite] [as _ttyWrite] (node:internal/readline/interface:1125:18)
    at ReadStream.onkeypress (node:internal/readline/interface:264:20)
    at ReadStream.emit (node:events:530:35)
    at ReadStream.emit (node:domain:488:12)
    at emitKeys (node:internal/readline/utils:371:14)
    at emitKeys.next (<anonymous>)
    at ReadStream.onData (node:internal/readline/emitKeypressEvents:64:36)
[error] 
[error] Error: An unexpected error has occurred.
